<?xml version="1.0" encoding="UTF-8"?>
<testsuite name="com.telran.remindly.test.MainPageTest" tests="2" skipped="0" failures="0" errors="0" timestamp="2022-10-05T11:13:49" hostname="LAPTOP-7JRM91AM" time="15.217">
  <properties/>
  <testcase name="findMainPageTextTest" classname="com.telran.remindly.test.MainPageTest" time="0.841"/>
  <testcase name="openLicensesTest" classname="com.telran.remindly.test.MainPageTest" time="4.028"/>
  <system-out><![CDATA[]]></system-out>
  <system-err><![CDATA[SLF4J: Failed to load class "org.slf4j.impl.StaticLoggerBinder".
SLF4J: Defaulting to no-operation (NOP) logger implementation
SLF4J: See http://www.slf4j.org/codes.html#StaticLoggerBinder for further details.
]]></system-err>
</testsuite>
